TN:
SF:src/server.ts
FNF:0
FNH:0
DA:1,1
DA:2,1
DA:3,1
DA:4,1
DA:5,1
DA:6,1
DA:7,1
DA:8,1
DA:9,1
DA:10,1
DA:11,1
DA:12,1
DA:13,1
DA:14,1
DA:15,1
DA:16,1
DA:17,1
DA:18,1
DA:19,1
DA:20,1
DA:21,1
DA:22,1
DA:23,1
DA:24,1
LF:24
LH:24
BRDA:22,0,0,1
BRF:1
BRH:1
end_of_record
TN:
SF:src/db/mongoose.ts
FNF:0
FNH:0
DA:1,1
DA:2,1
DA:3,1
DA:4,1
DA:5,1
DA:6,1
DA:7,1
DA:8,1
DA:9,0
DA:10,1
DA:11,1
DA:12,1
DA:13,1
DA:14,1
DA:15,1
DA:16,1
DA:17,1
DA:18,1
DA:19,1
DA:20,1
DA:21,1
DA:22,1
LF:22
LH:21
BRDA:5,0,0,1
BRF:1
BRH:1
end_of_record
TN:
SF:src/models/customers_models.ts
FN:25,validate
FN:40,validate
FN:52,validate
FN:64,validate
FNF:4
FNH:4
FNDA:16,validate
FNDA:15,validate
FNDA:16,validate
FNDA:16,validate
DA:1,1
DA:2,1
DA:3,1
DA:4,1
DA:5,1
DA:6,1
DA:7,1
DA:8,1
DA:9,1
DA:10,1
DA:11,1
DA:12,1
DA:13,1
DA:14,1
DA:15,1
DA:16,1
DA:17,1
DA:18,1
DA:19,1
DA:20,1
DA:21,1
DA:22,1
DA:23,1
DA:24,1
DA:25,1
DA:26,16
DA:27,0
DA:28,0
DA:29,16
DA:30,1
DA:31,1
DA:32,16
DA:33,0
DA:34,0
DA:35,1
DA:36,1
DA:37,1
DA:38,1
DA:39,1
DA:40,1
DA:41,15
DA:42,0
DA:43,0
DA:44,15
DA:45,0
DA:46,0
DA:47,1
DA:48,1
DA:49,1
DA:50,1
DA:51,1
DA:52,1
DA:53,16
DA:54,0
DA:55,0
DA:56,16
DA:57,1
DA:58,1
DA:59,1
DA:60,1
DA:61,1
DA:62,1
DA:63,1
DA:64,1
DA:65,16
DA:66,0
DA:67,0
DA:68,16
DA:69,1
DA:70,1
DA:71,1
DA:72,1
DA:73,1
DA:74,1
DA:75,1
DA:76,1
LF:76
LH:64
BRDA:25,0,0,16
BRDA:26,1,0,0
BRDA:29,2,0,1
BRDA:32,3,0,15
BRDA:32,4,0,0
BRDA:40,5,0,15
BRDA:41,6,0,0
BRDA:44,7,0,0
BRDA:52,8,0,16
BRDA:53,9,0,0
BRDA:56,10,0,1
BRDA:64,11,0,16
BRDA:65,12,0,0
BRDA:68,13,0,1
BRF:14
BRH:8
end_of_record
TN:
SF:src/models/furnitures_models.ts
FN:51,validator
FN:77,validator
FN:87,validator
FN:105,validator
FNF:4
FNH:4
FNDA:7,validator
FNDA:8,validator
FNDA:8,validator
FNDA:8,validator
DA:1,1
DA:2,1
DA:3,1
DA:4,1
DA:5,1
DA:6,1
DA:7,1
DA:8,1
DA:9,1
DA:10,1
DA:11,1
DA:12,1
DA:13,1
DA:14,1
DA:15,1
DA:16,1
DA:17,1
DA:18,1
DA:19,1
DA:20,1
DA:21,1
DA:22,1
DA:23,1
DA:24,1
DA:25,1
DA:26,1
DA:27,1
DA:28,1
DA:29,1
DA:30,1
DA:31,1
DA:32,1
DA:33,1
DA:34,1
DA:35,1
DA:36,1
DA:37,1
DA:38,1
DA:39,1
DA:40,1
DA:41,1
DA:42,1
DA:43,1
DA:44,1
DA:45,1
DA:46,1
DA:47,1
DA:48,1
DA:49,1
DA:50,1
DA:51,1
DA:52,7
DA:53,1
DA:54,1
DA:55,1
DA:56,1
DA:57,1
DA:58,1
DA:59,1
DA:60,1
DA:61,1
DA:62,1
DA:63,1
DA:64,1
DA:65,1
DA:66,1
DA:67,1
DA:68,1
DA:69,1
DA:70,1
DA:71,1
DA:72,1
DA:73,1
DA:74,1
DA:75,1
DA:76,1
DA:77,1
DA:78,8
DA:79,1
DA:80,1
DA:81,1
DA:82,1
DA:83,1
DA:84,1
DA:85,1
DA:86,1
DA:87,1
DA:88,8
DA:89,1
DA:90,1
DA:91,1
DA:92,1
DA:93,1
DA:94,1
DA:95,1
DA:96,1
DA:97,1
DA:98,1
DA:99,1
DA:100,1
DA:101,1
DA:102,1
DA:103,1
DA:104,1
DA:105,1
DA:106,8
DA:107,1
DA:108,1
DA:109,1
DA:110,1
DA:111,1
DA:112,1
DA:113,1
DA:114,1
LF:114
LH:114
BRDA:3,0,0,1
BRDA:12,1,0,1
BRDA:18,2,0,1
BRDA:51,3,0,7
BRDA:77,4,0,8
BRDA:87,5,0,8
BRDA:105,6,0,8
BRF:7
BRH:7
end_of_record
TN:
SF:src/models/providers_models.ts
FN:25,validate
FN:40,validate
FN:52,validate
FN:64,validate
FNF:4
FNH:4
FNDA:16,validate
FNDA:15,validate
FNDA:16,validate
FNDA:16,validate
DA:1,1
DA:2,1
DA:3,1
DA:4,1
DA:5,1
DA:6,1
DA:7,1
DA:8,1
DA:9,1
DA:10,1
DA:11,1
DA:12,1
DA:13,1
DA:14,1
DA:15,1
DA:16,1
DA:17,1
DA:18,1
DA:19,1
DA:20,1
DA:21,1
DA:22,1
DA:23,1
DA:24,1
DA:25,1
DA:26,16
DA:27,0
DA:28,0
DA:29,16
DA:30,1
DA:31,1
DA:32,16
DA:33,3
DA:34,3
DA:35,1
DA:36,1
DA:37,1
DA:38,1
DA:39,1
DA:40,1
DA:41,15
DA:42,0
DA:43,0
DA:44,15
DA:45,0
DA:46,0
DA:47,1
DA:48,1
DA:49,1
DA:50,1
DA:51,1
DA:52,1
DA:53,16
DA:54,0
DA:55,0
DA:56,16
DA:57,1
DA:58,1
DA:59,1
DA:60,1
DA:61,1
DA:62,1
DA:63,1
DA:64,1
DA:65,16
DA:66,0
DA:67,0
DA:68,1
DA:69,1
DA:70,1
DA:71,1
DA:72,1
DA:73,1
LF:73
LH:63
BRDA:25,0,0,16
BRDA:26,1,0,0
BRDA:29,2,0,1
BRDA:32,3,0,15
BRDA:32,4,0,3
BRDA:40,5,0,15
BRDA:41,6,0,0
BRDA:44,7,0,0
BRDA:52,8,0,16
BRDA:53,9,0,0
BRDA:56,10,0,1
BRDA:64,11,0,16
BRDA:65,12,0,0
BRF:13
BRH:8
end_of_record
TN:
SF:src/models/transactions_models.ts
FN:57,validator
FN:71,validator
FNF:2
FNH:0
FNDA:0,validator
FNDA:0,validator
DA:1,1
DA:2,1
DA:3,1
DA:4,1
DA:5,1
DA:6,1
DA:7,1
DA:8,1
DA:9,1
DA:10,1
DA:11,1
DA:12,1
DA:13,1
DA:14,1
DA:15,1
DA:16,1
DA:17,1
DA:18,1
DA:19,1
DA:20,1
DA:21,1
DA:22,1
DA:23,1
DA:24,1
DA:25,1
DA:26,1
DA:27,1
DA:28,1
DA:29,1
DA:30,1
DA:31,1
DA:32,1
DA:33,1
DA:34,1
DA:35,1
DA:36,1
DA:37,1
DA:38,1
DA:39,1
DA:40,1
DA:41,1
DA:42,1
DA:43,1
DA:44,1
DA:45,1
DA:46,1
DA:47,1
DA:48,1
DA:49,1
DA:50,1
DA:51,1
DA:52,1
DA:53,1
DA:54,1
DA:55,1
DA:56,1
DA:57,1
DA:58,0
DA:59,0
DA:60,0
DA:61,0
DA:62,0
DA:63,1
DA:64,1
DA:65,1
DA:66,1
DA:67,1
DA:68,1
DA:69,1
DA:70,1
DA:71,1
DA:72,0
DA:73,0
DA:74,0
DA:75,0
DA:76,0
DA:77,1
DA:78,1
DA:79,1
DA:80,1
DA:81,1
DA:82,1
DA:83,1
DA:84,1
DA:85,1
DA:86,1
DA:87,1
DA:88,1
DA:89,1
DA:90,1
DA:91,1
DA:92,1
LF:92
LH:82
BRF:0
BRH:0
end_of_record
TN:
SF:src/routers/customers_routers.ts
FNF:0
FNH:0
DA:1,1
DA:2,1
DA:3,1
DA:4,1
DA:5,1
DA:6,1
DA:7,1
DA:8,1
DA:9,1
DA:10,1
DA:11,1
DA:12,1
DA:13,1
DA:14,17
DA:15,17
DA:16,17
DA:17,1
DA:18,1
DA:19,16
DA:20,16
DA:21,12
DA:22,17
DA:23,4
DA:24,4
DA:25,1
DA:26,1
DA:27,1
DA:28,1
DA:29,1
DA:30,1
DA:31,1
DA:32,1
DA:33,1
DA:34,3
DA:35,3
DA:36,3
DA:37,0
DA:38,0
DA:39,3
DA:40,3
DA:41,1
DA:42,1
DA:43,2
DA:44,3
DA:45,0
DA:46,0
DA:47,1
DA:48,1
DA:49,1
DA:50,1
DA:51,1
DA:52,1
DA:53,1
DA:54,1
DA:55,1
DA:56,2
DA:57,2
DA:58,2
DA:59,2
DA:60,0
DA:61,0
DA:62,2
DA:63,2
DA:64,0
DA:65,0
DA:66,1
DA:67,1
DA:68,1
DA:69,1
DA:70,1
DA:71,1
DA:72,1
DA:73,1
DA:74,1
DA:75,2
DA:76,2
DA:77,2
DA:78,2
DA:79,1
DA:80,1
DA:81,1
DA:82,2
DA:83,0
DA:84,0
DA:85,1
DA:86,1
DA:87,1
DA:88,1
DA:89,1
DA:90,1
DA:91,1
DA:92,1
DA:93,1
DA:94,2
DA:95,2
DA:96,0
DA:97,0
DA:98,2
DA:99,2
DA:100,2
DA:101,1
DA:102,1
DA:103,1
DA:104,2
DA:105,0
DA:106,0
DA:107,1
DA:108,1
DA:109,1
DA:110,1
DA:111,1
DA:112,1
DA:113,1
DA:114,1
DA:115,1
DA:116,2
DA:117,2
DA:118,0
DA:119,0
DA:120,2
DA:121,2
DA:122,2
DA:123,1
DA:124,1
DA:125,1
DA:126,2
DA:127,0
DA:128,0
DA:129,1
DA:130,1
DA:131,1
DA:132,1
DA:133,1
DA:134,1
DA:135,1
DA:136,1
DA:137,1
DA:138,2
DA:139,2
DA:140,2
DA:141,2
DA:142,1
DA:143,1
DA:144,1
DA:145,2
DA:146,0
DA:147,0
DA:148,1
LF:148
LH:128
BRDA:13,0,0,17
BRDA:16,1,0,1
BRDA:19,2,0,16
BRDA:21,3,0,12
BRDA:22,4,0,4
BRDA:33,5,0,3
BRDA:36,6,0,0
BRDA:40,7,0,1
BRDA:43,8,0,2
BRDA:44,9,0,0
BRDA:55,10,0,2
BRDA:59,11,0,0
BRDA:63,12,0,0
BRDA:74,13,0,2
BRDA:78,14,0,1
BRDA:82,15,0,0
BRDA:93,16,0,2
BRDA:95,17,0,0
BRDA:100,18,0,1
BRDA:104,19,0,0
BRDA:115,20,0,2
BRDA:117,21,0,0
BRDA:122,22,0,1
BRDA:126,23,0,0
BRDA:137,24,0,2
BRDA:141,25,0,1
BRDA:145,26,0,0
BRF:27
BRH:17
end_of_record
TN:
SF:src/routers/default.ts
FNF:0
FNH:0
DA:1,1
DA:2,1
DA:3,1
DA:4,1
DA:5,1
DA:6,0
DA:7,1
LF:7
LH:6
BRF:0
BRH:0
end_of_record
TN:
SF:src/routers/furnitures_routers.ts
FNF:0
FNH:0
DA:1,1
DA:2,1
DA:3,1
DA:4,1
DA:5,1
DA:6,1
DA:7,1
DA:8,1
DA:9,1
DA:10,1
DA:11,1
DA:12,1
DA:13,1
DA:14,12
DA:15,12
DA:16,12
DA:17,2
DA:18,2
DA:19,10
DA:20,12
DA:21,1
DA:22,1
DA:23,9
DA:24,12
DA:25,1
DA:26,1
DA:27,8
DA:28,8
DA:29,8
DA:30,8
DA:31,7
DA:32,12
DA:33,1
DA:34,1
DA:35,1
DA:36,1
DA:37,1
DA:38,1
DA:39,1
DA:40,1
DA:41,1
DA:42,1
DA:43,1
DA:44,2
DA:45,2
DA:46,2
DA:47,1
DA:48,1
DA:49,1
DA:50,2
DA:51,0
DA:52,0
DA:53,1
DA:54,1
DA:55,1
DA:56,1
DA:57,1
DA:58,1
DA:59,1
DA:60,1
DA:61,1
DA:62,1
DA:63,1
DA:64,1
DA:65,1
DA:66,0
DA:67,0
DA:68,1
DA:69,1
DA:70,0
DA:71,0
DA:72,1
DA:73,1
DA:74,1
DA:75,1
DA:76,1
DA:77,1
DA:78,1
DA:79,1
DA:80,1
DA:81,1
DA:82,1
DA:83,0
DA:84,0
DA:85,1
DA:86,1
DA:87,1
DA:88,1
DA:89,1
DA:90,0
DA:91,0
DA:92,0
DA:93,0
DA:94,1
DA:95,1
DA:96,1
DA:97,1
DA:98,1
DA:99,1
DA:100,1
DA:101,1
DA:102,1
DA:103,3
DA:104,3
DA:105,3
DA:106,3
DA:107,0
DA:108,0
DA:109,2
DA:110,3
DA:111,1
DA:112,1
DA:113,1
DA:114,1
DA:115,1
DA:116,1
DA:117,1
DA:118,1
DA:119,1
DA:120,1
DA:121,1
DA:122,2
DA:123,2
DA:124,0
DA:125,0
DA:126,2
DA:127,2
DA:128,2
DA:129,1
DA:130,1
DA:131,1
DA:132,2
DA:133,0
DA:134,0
DA:135,1
DA:136,1
DA:137,1
DA:138,1
DA:139,1
DA:140,1
DA:141,1
DA:142,1
DA:143,1
DA:144,2
DA:145,2
DA:146,2
DA:147,2
DA:148,1
DA:149,1
DA:150,1
DA:151,2
DA:152,0
DA:153,0
DA:154,1
LF:154
LH:134
BRDA:13,0,0,12
BRDA:16,1,0,2
BRDA:19,2,0,10
BRDA:20,3,0,1
BRDA:23,4,0,9
BRDA:24,5,0,1
BRDA:27,6,0,8
BRDA:31,7,0,7
BRDA:32,8,0,1
BRDA:43,9,0,2
BRDA:46,10,0,1
BRDA:50,11,0,0
BRDA:61,12,0,1
BRDA:65,13,0,0
BRDA:69,14,0,0
BRDA:80,15,0,1
BRDA:82,16,0,0
BRDA:90,17,0,0
BRDA:102,18,0,3
BRDA:106,19,0,2
BRDA:106,20,0,0
BRDA:109,21,0,2
BRDA:110,22,0,1
BRDA:121,23,0,2
BRDA:123,24,0,0
BRDA:128,25,0,1
BRDA:132,26,0,0
BRDA:143,27,0,2
BRDA:147,28,0,1
BRDA:151,29,0,0
BRF:30
BRH:21
end_of_record
TN:
SF:src/routers/provider_routers.ts
FNF:0
FNH:0
DA:1,1
DA:2,1
DA:3,1
DA:4,1
DA:5,1
DA:6,1
DA:7,1
DA:8,1
DA:9,1
DA:10,1
DA:11,1
DA:12,1
DA:13,1
DA:14,1
DA:15,1
DA:16,1
DA:17,1
DA:18,1
DA:19,1
DA:20,1
DA:21,17
DA:22,17
DA:23,17
DA:24,1
DA:25,1
DA:26,16
DA:27,16
DA:28,12
DA:29,17
DA:30,4
DA:31,4
DA:32,1
DA:33,1
DA:34,1
DA:35,1
DA:36,1
DA:37,1
DA:38,1
DA:39,1
DA:40,1
DA:41,3
DA:42,3
DA:43,3
DA:44,0
DA:45,0
DA:46,3
DA:47,3
DA:48,1
DA:49,1
DA:50,2
DA:51,3
DA:52,0
DA:53,0
DA:54,1
DA:55,1
DA:56,1
DA:57,1
DA:58,1
DA:59,1
DA:60,1
DA:61,1
DA:62,1
DA:63,2
DA:64,2
DA:65,2
DA:66,2
DA:67,0
DA:68,0
DA:69,2
DA:70,2
DA:71,0
DA:72,0
DA:73,1
DA:74,1
DA:75,1
DA:76,1
DA:77,1
DA:78,1
DA:79,1
DA:80,1
DA:81,1
DA:82,2
DA:83,2
DA:84,2
DA:85,2
DA:86,1
DA:87,1
DA:88,1
DA:89,2
DA:90,0
DA:91,0
DA:92,1
DA:93,1
DA:94,1
DA:95,1
DA:96,1
DA:97,1
DA:98,1
DA:99,1
DA:100,1
DA:101,2
DA:102,2
DA:103,0
DA:104,0
DA:105,2
DA:106,2
DA:107,2
DA:108,1
DA:109,1
DA:110,1
DA:111,2
DA:112,0
DA:113,0
DA:114,1
DA:115,1
DA:116,1
DA:117,1
DA:118,1
DA:119,1
DA:120,1
DA:121,1
DA:122,1
DA:123,2
DA:124,2
DA:125,0
DA:126,0
DA:127,2
DA:128,2
DA:129,2
DA:130,1
DA:131,1
DA:132,1
DA:133,2
DA:134,0
DA:135,0
DA:136,1
DA:137,1
DA:138,1
DA:139,1
DA:140,1
DA:141,1
DA:142,1
DA:143,1
DA:144,1
DA:145,2
DA:146,2
DA:147,2
DA:148,2
DA:149,1
DA:150,1
DA:151,1
DA:152,2
DA:153,0
DA:154,0
DA:155,1
LF:155
LH:135
BRDA:20,0,0,17
BRDA:23,1,0,1
BRDA:26,2,0,16
BRDA:28,3,0,12
BRDA:29,4,0,4
BRDA:40,5,0,3
BRDA:43,6,0,0
BRDA:47,7,0,1
BRDA:50,8,0,2
BRDA:51,9,0,0
BRDA:62,10,0,2
BRDA:66,11,0,0
BRDA:70,12,0,0
BRDA:81,13,0,2
BRDA:85,14,0,1
BRDA:89,15,0,0
BRDA:100,16,0,2
BRDA:102,17,0,0
BRDA:107,18,0,1
BRDA:111,19,0,0
BRDA:122,20,0,2
BRDA:124,21,0,0
BRDA:129,22,0,1
BRDA:133,23,0,0
BRDA:144,24,0,2
BRDA:148,25,0,1
BRDA:152,26,0,0
BRF:27
BRH:17
end_of_record
TN:
SF:src/routers/transactions_routers.ts
FN:20,Creararraymuebles
FN:42,calculateAmount
FN:63,Actualizarstock
FNF:3
FNH:0
FNDA:0,Creararraymuebles
FNDA:0,calculateAmount
FNDA:0,Actualizarstock
DA:1,1
DA:2,1
DA:3,1
DA:4,1
DA:5,1
DA:6,1
DA:7,1
DA:8,1
DA:9,1
DA:10,1
DA:11,1
DA:12,1
DA:13,1
DA:14,1
DA:15,1
DA:16,1
DA:17,1
DA:18,1
DA:19,1
DA:20,0
DA:21,0
DA:22,0
DA:23,0
DA:24,0
DA:25,0
DA:26,0
DA:27,0
DA:28,0
DA:29,0
DA:30,0
DA:31,1
DA:32,1
DA:33,1
DA:34,1
DA:35,1
DA:36,1
DA:37,1
DA:38,1
DA:39,1
DA:40,1
DA:41,1
DA:42,0
DA:43,0
DA:44,0
DA:45,0
DA:46,0
DA:47,0
DA:48,0
DA:49,0
DA:50,0
DA:51,0
DA:52,0
DA:53,1
DA:54,1
DA:55,1
DA:56,1
DA:57,1
DA:58,1
DA:59,1
DA:60,1
DA:61,1
DA:62,1
DA:63,0
DA:64,0
DA:65,0
DA:66,0
DA:67,0
DA:68,0
DA:69,0
DA:70,0
DA:71,0
DA:72,0
DA:73,0
DA:74,0
DA:75,0
DA:76,0
DA:77,0
DA:78,0
DA:79,0
DA:80,0
DA:81,0
DA:82,0
DA:83,0
DA:84,0
DA:85,0
DA:86,0
DA:87,0
DA:88,0
DA:89,1
DA:90,1
DA:91,1
DA:92,1
DA:93,1
DA:94,1
DA:95,1
DA:96,1
DA:97,1
DA:98,1
DA:99,1
DA:100,1
DA:101,1
DA:102,1
DA:103,0
DA:104,0
DA:105,0
DA:106,0
DA:107,0
DA:108,0
DA:109,0
DA:110,0
DA:111,0
DA:112,0
DA:113,0
DA:114,0
DA:115,0
DA:116,0
DA:117,0
DA:118,0
DA:119,0
DA:120,0
DA:121,0
DA:122,0
DA:123,0
DA:124,0
DA:125,0
DA:126,0
DA:127,0
DA:128,0
DA:129,0
DA:130,0
DA:131,0
DA:132,0
DA:133,0
DA:134,0
DA:135,0
DA:136,0
DA:137,0
DA:138,0
DA:139,0
DA:140,0
DA:141,0
DA:142,0
DA:143,0
DA:144,0
DA:145,0
DA:146,0
DA:147,0
DA:148,0
DA:149,0
DA:150,0
DA:151,1
DA:152,1
DA:153,1
DA:154,1
DA:155,1
DA:156,1
DA:157,1
DA:158,1
DA:159,1
DA:160,1
DA:161,1
DA:162,0
DA:163,0
DA:164,0
DA:165,0
DA:166,0
DA:167,0
DA:168,0
DA:169,0
DA:170,0
DA:171,0
DA:172,0
DA:173,0
DA:174,0
DA:175,0
DA:176,1
DA:177,1
DA:178,1
DA:179,1
DA:180,1
DA:181,1
DA:182,1
DA:183,1
DA:184,1
DA:185,1
DA:186,0
DA:187,0
DA:188,0
DA:189,0
DA:190,0
DA:191,0
DA:192,0
DA:193,0
DA:194,0
DA:195,0
DA:196,0
DA:197,0
DA:198,0
DA:199,0
DA:200,0
DA:201,1
DA:202,1
DA:203,1
DA:204,1
DA:205,1
DA:206,1
DA:207,1
DA:208,1
DA:209,1
DA:210,1
DA:211,1
DA:212,0
DA:213,0
DA:214,0
DA:215,0
DA:216,0
DA:217,0
DA:218,0
DA:219,0
DA:220,0
DA:221,0
DA:222,0
DA:223,0
DA:224,0
DA:225,0
DA:226,1
DA:227,1
DA:228,1
DA:229,1
DA:230,1
DA:231,1
DA:232,1
DA:233,1
DA:234,1
DA:235,0
DA:236,0
DA:237,0
DA:238,0
DA:239,0
DA:240,0
DA:241,0
DA:242,0
DA:243,0
DA:244,0
DA:245,0
DA:246,0
DA:247,0
DA:248,0
DA:249,0
DA:250,0
DA:251,0
DA:252,0
DA:253,0
DA:254,0
DA:255,0
DA:256,0
DA:257,0
DA:258,0
DA:259,0
DA:260,1
DA:261,1
DA:262,1
DA:263,1
DA:264,1
DA:265,1
DA:266,1
DA:267,1
DA:268,1
DA:269,1
DA:270,0
DA:271,0
DA:272,0
DA:273,0
DA:274,0
DA:275,0
DA:276,0
DA:277,0
DA:278,0
DA:279,0
DA:280,0
DA:281,0
DA:282,0
DA:283,0
DA:284,0
DA:285,0
DA:286,0
DA:287,0
DA:288,0
DA:289,0
DA:290,0
DA:291,0
DA:292,0
DA:293,0
DA:294,0
DA:295,0
DA:296,0
DA:297,0
DA:298,0
DA:299,0
DA:300,0
DA:301,0
DA:302,0
DA:303,0
DA:304,0
DA:305,0
DA:306,1
LF:306
LH:106
BRF:0
BRH:0
end_of_record
